#
# There is insufficient memory for the Java Runtime Environment to continue.
# Native memory allocation (mmap) failed to map 532676608 bytes for G1 virtual space
# Possible reasons:
#   The system is out of physical RAM or swap space
#   The process is running with CompressedOops enabled, and the Java Heap may be blocking the growth of the native heap
# Possible solutions:
#   Reduce memory load on the system
#   Increase physical memory or swap space
#   Check if swap backing store is full
#   Decrease Java heap size (-Xmx/-Xms)
#   Decrease number of Java threads
#   Decrease Java thread stack sizes (-Xss)
#   Set larger code cache with -XX:ReservedCodeCacheSize=
#   JVM is running with Zero Based Compressed Oops mode in which the Java heap is
#     placed in the first 32GB address space. The Java Heap base address is the
#     maximum limit for the native heap growth. Please use -XX:HeapBaseMinAddress
#     to set the Java Heap base and to place the Java Heap above 32GB virtual address.
# This output file may be truncated or incomplete.
#
#  Out of Memory Error (os_windows.cpp:3603), pid=40704, tid=43204
#
# JRE version:  (21.0.8+12) (build )
# Java VM: Java HotSpot(TM) 64-Bit Server VM (21.0.8+12-LTS-250, mixed mode, sharing, tiered, compressed oops, compressed class ptrs, g1 gc, windows-amd64)
# No core dump will be written. Minidumps are not enabled by default on client versions of Windows
#

---------------  S U M M A R Y ------------

Command Line: --enable-native-access=ALL-UNNAMED 

Host: 13th Gen Intel(R) Core(TM) i7-13700H, 20 cores, 31G,  Windows 11 , 64 bit Build 26100 (10.0.26100.7309)
Time: Fri Jul 10 09:16:32 2026  Windows 11 , 64 bit Build 26100 (10.0.26100.7309) elapsed time: 0.041194 seconds (0d 0h 0m 0s)

---------------  T H R E A D  ---------------

Current thread (0x000001d529dfe130):  JavaThread "Unknown thread" [_thread_in_vm, id=43204, stack(0x0000005b87500000,0x0000005b87600000) (1024K)]

Stack: [0x0000005b87500000,0x0000005b87600000]
Native frames: (J=compiled Java code, j=interpreted, Vv=VM code, C=native code)
V  [jvm.dll+0x6cc179]
V  [jvm.dll+0x8584c1]
V  [jvm.dll+0x85a9ee]
V  [jvm.dll+0x85b0c3]
V  [jvm.dll+0x27ebf6]
V  [jvm.dll+0x6c88f5]
V  [jvm.dll+0x6bd45a]
V  [jvm.dll+0x354b1a]
V  [jvm.dll+0x35c796]
V  [jvm.dll+0x3af85e]
V  [jvm.dll+0x3afb08]
V  [jvm.dll+0x328e2c]
V  [jvm.dll+0x32998b]
V  [jvm.dll+0x821879]
V  [jvm.dll+0x3bc541]
V  [jvm.dll+0x80aaf8]
V  [jvm.dll+0x45172e]
V  [jvm.dll+0x453321]
C  [jli.dll+0x52a3]
C  [ucrtbase.dll+0x37b0]
C  [KERNEL32.DLL+0x2e8d7]
C  [ntdll.dll+0x8c53c]


---------------  P R O C E S S  ---------------

Threads class SMR info:
_java_thread_list=0x00007ff8097cfc48, length=0, elements={
}

Java Threads: ( => current thread )
Total: 0

Other Threads:
  0x000001d52a507010 WorkerThread "GC Thread#0"                     [id=49492, stack(0x0000005b87600000,0x0000005b87700000) (1024K)]
  0x000001d54e0fa010 ConcurrentGCThread "G1 Main Marker"            [id=35080, stack(0x0000005b87700000,0x0000005b87800000) (1024K)]
  0x000001d54e0faa20 WorkerThread "G1 Conc#0"                       [id=47224, stack(0x0000005b87800000,0x0000005b87900000) (1024K)]

[error occurred during error reporting (printing all threads), id 0xc0000005, EXCEPTION_ACCESS_VIOLATION (0xc0000005) at pc=0x00007ff808f3b5b7]
VM state: not at safepoint (not fully initialized)

VM Mutex/Monitor currently owned by a thread:  ([mutex/lock_event])
[0x00007ff809840f50] Heap_lock - owner thread: 0x000001d529dfe130

Heap address: 0x0000000604400000, size: 8124 MB, Compressed Oops mode: Zero based, Oop shift amount: 3

CDS archive(s) mapped at: [0x0000000000000000-0x0000000000000000-0x0000000000000000), size 0, SharedBaseAddress: 0x0000000800000000, ArchiveRelocationMode: 1.
Narrow klass base: 0x0000000000000000, Narrow klass shift: 0, Narrow klass range: 0x0

GC Precious Log:
 CardTable entry size: 512
 Card Set container configuration: InlinePtr #cards 4 size 8 Array Of Cards #cards 32 size 80 Howl #buckets 8 coarsen threshold 7372 Howl Bitmap #cards 1024 size 144 coarsen threshold 921 Card regions per heap region 1 cards per card region 8192

Heap:
 garbage-first heap   total 0K, used 0K [0x0000000604400000, 0x0000000800000000)
  region size 4096K, 0 young (0K), 0 survivors (0K)

[error occurred during error reporting (printing heap information), id 0xc0000005, EXCEPTION_ACCESS_VIOLATION (0xc0000005) at pc=0x00007ff8093251e9]
GC Heap History (0 events):
No events

Dll operation events (1 events):
Event: 0.027 Loaded shared library D:\develop\JDK_21\bin\java.dll

Deoptimization events (0 events):
No events

Classes loaded (0 events):
No events

Classes unloaded (0 events):
No events

Classes redefined (0 events):
No events

Internal exceptions (0 events):
No events

ZGC Phase Switch (0 events):
No events

VM Operations (0 events):
No events

Events (0 events):
No events


Dynamic libraries:
0x00007ff739fe0000 - 0x00007ff739ff0000 	D:\develop\JDK_21\bin\java.exe
0x00007ff8e0e60000 - 0x00007ff8e10c7000 	C:\WINDOWS\SYSTEM32\ntdll.dll
0x00007ff8e0430000 - 0x00007ff8e04f9000 	C:\WINDOWS\System32\KERNEL32.DLL
0x00007ff8de590000 - 0x00007ff8de97f000 	C:\WINDOWS\System32\KERNELBASE.dll
0x00007ff8dafb0000 - 0x00007ff8db04f000 	C:\WINDOWS\SYSTEM32\apphelp.dll
0x00007ff8de0e0000 - 0x00007ff8de22b000 	C:\WINDOWS\System32\ucrtbase.dll
0x00007ff8a26b0000 - 0x00007ff8a26c9000 	D:\develop\JDK_21\bin\jli.dll
0x00007ff89fe00000 - 0x00007ff89fe1b000 	D:\develop\JDK_21\bin\VCRUNTIME140.dll
0x00007ff8e0a10000 - 0x00007ff8e0ac4000 	C:\WINDOWS\System32\ADVAPI32.dll
0x00007ff8e0060000 - 0x00007ff8e0109000 	C:\WINDOWS\System32\msvcrt.dll
0x00007ff8e0500000 - 0x00007ff8e05a6000 	C:\WINDOWS\System32\sechost.dll
0x00007ff8dff00000 - 0x00007ff8e0018000 	C:\WINDOWS\System32\RPCRT4.dll
0x00007ff8e0ad0000 - 0x00007ff8e0c95000 	C:\WINDOWS\System32\USER32.dll
0x00007ff8de990000 - 0x00007ff8de9b7000 	C:\WINDOWS\System32\win32u.dll
0x00007ff8e0150000 - 0x00007ff8e017b000 	C:\WINDOWS\System32\GDI32.dll
0x00007ff8aecf0000 - 0x00007ff8aef83000 	C:\WINDOWS\WinSxS\amd64_microsoft.windows.common-controls_6595b64144ccf1df_6.0.26100.7309_none_3e05feeae336a044\COMCTL32.dll
0x00007ff8ddfb0000 - 0x00007ff8de0dc000 	C:\WINDOWS\System32\gdi32full.dll
0x00007ff8de370000 - 0x00007ff8de413000 	C:\WINDOWS\System32\msvcp_win.dll
0x00007ff8c9930000 - 0x00007ff8c993b000 	C:\WINDOWS\SYSTEM32\VERSION.dll
0x00007ff8e0110000 - 0x00007ff8e0141000 	C:\WINDOWS\System32\IMM32.DLL
0x00007ff8c9b60000 - 0x00007ff8c9b6c000 	D:\develop\JDK_21\bin\vcruntime140_1.dll
0x00007ff88d380000 - 0x00007ff88d40e000 	D:\develop\JDK_21\bin\msvcp140.dll
0x00007ff808c00000 - 0x00007ff80991d000 	D:\develop\JDK_21\bin\server\jvm.dll
0x00007ff8df000000 - 0x00007ff8df074000 	C:\WINDOWS\System32\WS2_32.dll
0x00007ff8dde10000 - 0x00007ff8dde6e000 	C:\WINDOWS\SYSTEM32\POWRPROF.dll
0x00007ff8d1c50000 - 0x00007ff8d1c85000 	C:\WINDOWS\SYSTEM32\WINMM.dll
0x00007ff8dddf0000 - 0x00007ff8dde04000 	C:\WINDOWS\SYSTEM32\UMPDC.dll
0x00007ff8dcd30000 - 0x00007ff8dcd4b000 	C:\WINDOWS\SYSTEM32\kernel.appcore.dll
0x00007ff8a89f0000 - 0x00007ff8a89fa000 	D:\develop\JDK_21\bin\jimage.dll
0x00007ff8d8cd0000 - 0x00007ff8d8f12000 	C:\WINDOWS\SYSTEM32\DBGHELP.DLL
0x00007ff8dec70000 - 0x00007ff8deff5000 	C:\WINDOWS\System32\combase.dll
0x00007ff8df880000 - 0x00007ff8df956000 	C:\WINDOWS\System32\OLEAUT32.dll
0x00007ff8c45b0000 - 0x00007ff8c45ec000 	C:\WINDOWS\SYSTEM32\dbgcore.DLL
0x00007ff8de230000 - 0x00007ff8de2d5000 	C:\WINDOWS\System32\bcryptPrimitives.dll
0x00007ff89e720000 - 0x00007ff89e73f000 	D:\develop\JDK_21\bin\java.dll

dbghelp: loaded successfully - version: 4.0.5 - missing functions: none
symbol engine: initialized successfully - sym options: 0x614 - pdb path: .;D:\develop\JDK_21\bin;C:\WINDOWS\SYSTEM32;C:\WINDOWS\WinSxS\amd64_microsoft.windows.common-controls_6595b64144ccf1df_6.0.26100.7309_none_3e05feeae336a044;D:\develop\JDK_21\bin\server

VM Arguments:
jvm_args: --enable-native-access=ALL-UNNAMED 
java_command: <unknown>
java_class_path (initial): .;%JAVA_HOME%\lib\dt.jar;%JAVA_HOME%\lib\tools.jar;
Launcher Type: SUN_STANDARD

[Global flags]
     intx CICompilerCount                          = 12                                        {product} {ergonomic}
     uint ConcGCThreads                            = 4                                         {product} {ergonomic}
     uint G1ConcRefinementThreads                  = 15                                        {product} {ergonomic}
   size_t G1HeapRegionSize                         = 4194304                                   {product} {ergonomic}
    uintx GCDrainStackTargetSize                   = 64                                        {product} {ergonomic}
   size_t InitialHeapSize                          = 532676608                                 {product} {ergonomic}
   size_t MarkStackSize                            = 4194304                                   {product} {ergonomic}
   size_t MaxHeapSize                              = 8518631424                                {product} {ergonomic}
   size_t MinHeapDeltaBytes                        = 4194304                                   {product} {ergonomic}
   size_t MinHeapSize                              = 8388608                                   {product} {ergonomic}
    uintx NonNMethodCodeHeapSize                   = 7602480                                {pd product} {ergonomic}
    uintx NonProfiledCodeHeapSize                  = 122027880                              {pd product} {ergonomic}
    uintx ProfiledCodeHeapSize                     = 122027880                              {pd product} {ergonomic}
    uintx ReservedCodeCacheSize                    = 251658240                              {pd product} {ergonomic}
     bool SegmentedCodeCache                       = true                                      {product} {ergonomic}
   size_t SoftMaxHeapSize                          = 8518631424                             {manageable} {ergonomic}
     bool UseCompressedOops                        = true                           {product lp64_product} {ergonomic}
     bool UseG1GC                                  = true                                      {product} {ergonomic}
     bool UseLargePagesIndividualAllocation        = false                                  {pd product} {ergonomic}

Logging:
Log output configuration:
 #0: stdout all=warning uptime,level,tags foldmultilines=false
 #1: stderr all=off uptime,level,tags foldmultilines=false

Environment Variables:
JAVA_HOME=D:\develop\JDK_21
CLASSPATH=.;%JAVA_HOME%\lib\dt.jar;%JAVA_HOME%\lib\tools.jar;
PATH=D:\develop\JDK_21\bin;D:\develop\JDK_21\bin;D:\develop\candao\ZenTao\zbox\nssm\win64;D:\develop\JDK_21\bin;D:\develop\ppythonn\Scripts\;D:\develop\ppythonn\;D:\isVM\bin\;C:\Program Files\Common Files\Oracle\Java\javapath;C:\WINDOWS\system32;C:\WINDOWS;C:\WINDOWS\System32\Wbem;C:\WINDOWS\System32\WindowsPowerShell\v1.0\;C:\WINDOWS\System32\OpenSSH\;%QUARTUS_ROOTDIR%\bin;D:\Code\MinGW\bin;D:\mingw64\bin;C:\Program Files\Docker\Docker\resources\bin;D:\develop\gitta\Git\cmd;D:\develop\cursorai\cursor\resources\app\bin;D:\develop\nodejs\;D:\develop\nodejs\node_global\node_modules;C:\Program Files\Microsoft SQL Server\170\Tools\Binn\;C:\Program Files\Microsoft SQL Server\Client SDK\ODBC\170\Tools\Binn\;C:\Program Files\dotnet\;D:\Windows Kits\10\Windows Performance Toolkit\;D:\develop\mysql\mysql-8.0.46-winx64\bin;C:\Users\29075\.cargo\bin;D:\develop\vsss\Microsoft VS Code\bin;d:\develop\cursorai\cursor\resources\app\codeBin;C:\Users\29075\AppData\Local\Microsoft\WindowsApps;D:\develop\JDK_21\jre\bin;D:\thisisIDEA\IntelliJ IDEA Community Edition 2023.3.4\bin;C:\Users\29075\.cargo\bin;D:\develop\vsss\Microsoft VS Code\bin;d:\develop\cursorai\cursor\resources\app\codeBin;C:\Users\29075\AppData\Local\Microsoft\WindowsApps;D:\develop\JDK_21\bin;D:\develop\JDK_21\jre\bin;D:\thisisIDEA\IntelliJ IDEA Community Edition 2023.3.4\bin;D:\develop\win64;D:\develop\Mmodelsimm\win64;D:\thisisIDEA\IntelliJ IDEA 2025.2.2\bin;D:\develop\nodejs\node_global;C:\Users\29075\AppData\Local\JetBrains\Toolbox\scripts;C:\Users\29075\.dotnet\tools;
USERNAME=29075
OS=Windows_NT
PROCESSOR_IDENTIFIER=Intel64 Family 6 Model 186 Stepping 2, GenuineIntel
TMP=C:\Users\29075\AppData\Local\Temp
TEMP=C:\Users\29075\AppData\Local\Temp




Periodic native trim disabled

---------------  S Y S T E M  ---------------

OS:
 Windows 11 , 64 bit Build 26100 (10.0.26100.7309)
OS uptime: 0 days 18:10 hours
Hyper-V role detected

CPU: total 20 (initial active 20) (10 cores per cpu, 2 threads per core) family 6 model 186 stepping 2 microcode 0x4114, cx8, cmov, fxsr, ht, mmx, 3dnowpref, sse, sse2, sse3, ssse3, sse4.1, sse4.2, popcnt, lzcnt, tsc, tscinvbit, avx, avx2, aes, erms, clmul, bmi1, bmi2, adx, sha, fma, vzeroupper, clflush, clflushopt, clwb, hv, serialize, rdtscp, rdpid, fsrm, f16c, cet_ibt, cet_ss
Processor Information for processor 0
  Max Mhz: 2400, Current Mhz: 2400, Mhz Limit: 2400
Processor Information for processor 1
  Max Mhz: 2400, Current Mhz: 2400, Mhz Limit: 2400
Processor Information for processor 2
  Max Mhz: 2400, Current Mhz: 2400, Mhz Limit: 2400
Processor Information for processor 3
  Max Mhz: 2400, Current Mhz: 2400, Mhz Limit: 2400
Processor Information for processor 4
  Max Mhz: 2400, Current Mhz: 2400, Mhz Limit: 2400
Processor Information for processor 5
  Max Mhz: 2400, Current Mhz: 1040, Mhz Limit: 2400
Processor Information for processor 6
  Max Mhz: 2400, Current Mhz: 2400, Mhz Limit: 2400
Processor Information for processor 7
  Max Mhz: 2400, Current Mhz: 2400, Mhz Limit: 2400
Processor Information for processor 8
  Max Mhz: 2400, Current Mhz: 1040, Mhz Limit: 2400
Processor Information for processor 9
  Max Mhz: 2400, Current Mhz: 1040, Mhz Limit: 2400
Processor Information for processor 10
  Max Mhz: 2400, Current Mhz: 1040, Mhz Limit: 2400
Processor Information for processor 11
  Max Mhz: 2400, Current Mhz: 2400, Mhz Limit: 2400
Processor Information for processor 12
  Max Mhz: 2400, Current Mhz: 2400, Mhz Limit: 2400
Processor Information for processor 13
  Max Mhz: 2400, Current Mhz: 1200, Mhz Limit: 2400
Processor Information for processor 14
  Max Mhz: 2400, Current Mhz: 1333, Mhz Limit: 2400
Processor Information for processor 15
  Max Mhz: 2400, Current Mhz: 1333, Mhz Limit: 2400
Processor Information for processor 16
  Max Mhz: 2400, Current Mhz: 2400, Mhz Limit: 2400
Processor Information for processor 17
  Max Mhz: 2400, Current Mhz: 1333, Mhz Limit: 2400
Processor Information for processor 18
  Max Mhz: 2400, Current Mhz: 1333, Mhz Limit: 2400
Processor Information for processor 19
  Max Mhz: 2400, Current Mhz: 1333, Mhz Limit: 2400

Memory: 4k page, system-wide physical 32492M (4228M free)
TotalPageFile size 37765M (AvailPageFile size 436M)
current process WorkingSet (physical memory assigned to process): 14M, peak: 14M
current process commit charge ("private bytes"): 75M, peak: 583M

vm_info: Java HotSpot(TM) 64-Bit Server VM (21.0.8+12-LTS-250) for windows-amd64 JRE (21.0.8+12-LTS-250), built on 2025-06-27T08:11:22Z by "mach5one" with MS VC++ 17.6 (VS2022)

END.
